<?xml version="1.0" encoding="UTF-8"?>
<!-- Generated by org.testng.reporters.JUnitReportReporter -->
<testsuite hostname="XIPL9913" failures="0" tests="2" name="testing_Practices.LoginTest" time="21.508" errors="0" timestamp="2022-08-23T13:04:18 IST" skipped="0">
  <testcase classname="testing_Practices.LoginTest" name="WebLoginPersonalLoan" time="13.538"/>
  <system-out/>
  <testcase classname="testing_Practices.LoginTest" name="MobileLoginPersonalLoan" time="7.970"/>
  <system-out/>
</testsuite> <!-- testing_Practices.LoginTest -->
