<?xml version="1.0" encoding="UTF-8"?>
<!-- Generated by org.testng.reporters.JUnitReportReporter -->
<testsuite hostname="XIPL9913" failures="0" tests="2" name="testing_Practices.HomePage" time="20.502" errors="0" timestamp="2022-08-23T13:04:18 IST" skipped="0">
  <testcase classname="testing_Practices.HomePage" name="WebLoginPersonalLoan" time="12.326"/>
  <system-out/>
  <testcase classname="testing_Practices.HomePage" name="MobileLoginPersonalLoan" time="8.176"/>
  <system-out/>
</testsuite> <!-- testing_Practices.HomePage -->
